5 |2025-06-07 09:37:06.7573 |DEBUG |LearningPhase2 |LearningPhase2.Pages.Account.LoginModel.OnPost |Storing employee name as session data
5 |2025-06-07 09:37:06.7775 |DEBUG |LearningPhase2 |LearningPhase2.Pages.Account.LoginModel.OnPost |Storing employee id as session data
9 |2025-06-07 09:37:06.7930 |DEBUG |LearningPhase2 |LearningPhase2.Pages.EmployeeNTier.ListModel.OnGet |Calling list OnGet method
9 |2025-06-07 09:37:06.7930 |DEBUG |Service Layer |SeviceLayer.EmployeeManager.GetAll |Fetching all records
9 |2025-06-07 09:37:06.7930 |DEBUG |Data Layer |DataLayer.EmployeeDB.GetAll |Fetching record from DB
9 |2025-06-07 09:37:06.9075 |DEBUG |Data Layer |DataLayer.EmployeeDB.GetAll |Fetched records from DB count - 13
9 |2025-06-07 09:37:06.9075 |DEBUG |Service Layer |SeviceLayer.EmployeeManager.GetAll |Fetched all records
9 |2025-06-07 09:37:06.9075 |DEBUG |LearningPhase2 |LearningPhase2.Pages.EmployeeNTier.ListModel.OnGet |List page OnGet method completed
15 |2025-06-07 09:46:06.2249 |DEBUG |LearningPhase2 |LearningPhase2.Pages.Account.LogoutModel.OnGet |Logout.cshtml.cs onGet method executing
10 |2025-06-07 09:46:16.1545 |DEBUG |LearningPhase2 |LearningPhase2.Pages.Account.LoginModel.OnPost |Storing employee name as session data
10 |2025-06-07 09:46:16.1545 |DEBUG |LearningPhase2 |LearningPhase2.Pages.Account.LoginModel.OnPost |Storing employee id as session data
15 |2025-06-07 09:46:16.1717 |DEBUG |LearningPhase2 |LearningPhase2.Pages.EmployeeNTier.ListModel.OnGet |Calling list OnGet method
15 |2025-06-07 09:46:16.1717 |DEBUG |Service Layer |SeviceLayer.EmployeeManager.GetAll |Fetching all records
15 |2025-06-07 09:46:16.1717 |DEBUG |Data Layer |DataLayer.EmployeeDB.GetAll |Fetching record from DB
15 |2025-06-07 09:46:16.2861 |DEBUG |Data Layer |DataLayer.EmployeeDB.GetAll |Fetched records from DB count - 13
15 |2025-06-07 09:46:16.2861 |DEBUG |Service Layer |SeviceLayer.EmployeeManager.GetAll |Fetched all records
15 |2025-06-07 09:46:16.2861 |DEBUG |LearningPhase2 |LearningPhase2.Pages.EmployeeNTier.ListModel.OnGet |List page OnGet method completed
7 |2025-06-07 09:46:25.8478 |DEBUG |LearningPhase2 |LearningPhase2.Pages.EmployeeNTier.EducationModel.OnGet |Calling list OnGet method
7 |2025-06-07 09:48:51.4443 |DEBUG |LearningPhase2 |LearningPhase2.Pages.EmployeeNTier.EducationModel.OnGet |Completed OnGetEducationDetails method
5 |2025-06-07 09:53:08.3531 |DEBUG |LearningPhase2 |LearningPhase2.Pages.Account.LogoutModel.OnGet |Logout.cshtml.cs onGet method executing
5 |2025-06-07 09:53:23.3587 |DEBUG |LearningPhase2 |LearningPhase2.Pages.Account.LoginModel.OnPost |Storing employee name as session data
5 |2025-06-07 09:53:23.3587 |DEBUG |LearningPhase2 |LearningPhase2.Pages.Account.LoginModel.OnPost |Storing employee id as session data
5 |2025-06-07 09:53:23.3725 |DEBUG |LearningPhase2 |LearningPhase2.Pages.EmployeeNTier.ListModel.OnGet |Calling list OnGet method
5 |2025-06-07 09:53:23.3725 |DEBUG |Service Layer |SeviceLayer.EmployeeManager.GetAll |Fetching all records
5 |2025-06-07 09:53:23.3725 |DEBUG |Data Layer |DataLayer.EmployeeDB.GetAll |Fetching record from DB
5 |2025-06-07 09:53:23.4880 |DEBUG |Data Layer |DataLayer.EmployeeDB.GetAll |Fetched records from DB count - 13
5 |2025-06-07 09:53:23.4880 |DEBUG |Service Layer |SeviceLayer.EmployeeManager.GetAll |Fetched all records
5 |2025-06-07 09:53:23.4880 |DEBUG |LearningPhase2 |LearningPhase2.Pages.EmployeeNTier.ListModel.OnGet |List page OnGet method completed
7 |2025-06-07 09:53:30.8453 |DEBUG |LearningPhase2 |LearningPhase2.Pages.EmployeeNTier.EducationModel.OnGet |Calling list OnGet method
7 |2025-06-07 09:54:02.8841 |DEBUG |LearningPhase2 |LearningPhase2.Pages.EmployeeNTier.EducationModel.OnGet |Completed OnGetEducationDetails method
5 |2025-06-07 10:05:36.2233 |DEBUG |LearningPhase2 |LearningPhase2.Pages.Account.LogoutModel.OnGet |Logout.cshtml.cs onGet method executing
17 |2025-06-07 10:05:47.3949 |DEBUG |LearningPhase2 |LearningPhase2.Pages.Account.LoginModel.OnPost |Storing employee name as session data
17 |2025-06-07 10:05:47.3949 |DEBUG |LearningPhase2 |LearningPhase2.Pages.Account.LoginModel.OnPost |Storing employee id as session data
5 |2025-06-07 10:05:47.4095 |DEBUG |LearningPhase2 |LearningPhase2.Pages.EmployeeNTier.ListModel.OnGet |Calling list OnGet method
5 |2025-06-07 10:05:47.4095 |DEBUG |Service Layer |SeviceLayer.EmployeeManager.GetAll |Fetching all records
5 |2025-06-07 10:05:47.4095 |DEBUG |Data Layer |DataLayer.EmployeeDB.GetAll |Fetching record from DB
5 |2025-06-07 10:05:47.5222 |DEBUG |Data Layer |DataLayer.EmployeeDB.GetAll |Fetched records from DB count - 13
5 |2025-06-07 10:05:47.5229 |DEBUG |Service Layer |SeviceLayer.EmployeeManager.GetAll |Fetched all records
5 |2025-06-07 10:05:47.5229 |DEBUG |LearningPhase2 |LearningPhase2.Pages.EmployeeNTier.ListModel.OnGet |List page OnGet method completed
7 |2025-06-07 10:05:52.2075 |DEBUG |LearningPhase2 |LearningPhase2.Pages.EmployeeNTier.EducationModel.OnGet |Calling list OnGet method
7 |2025-06-07 10:05:52.2075 |DEBUG |Data Layer |DataLayer.EmployeeDB.EducationDetails |Fetching education column data from DB
5 |2025-06-07 10:07:02.8429 |DEBUG |LearningPhase2 |LearningPhase2.Pages.Account.LogoutModel.OnGet |Logout.cshtml.cs onGet method executing
9 |2025-06-07 10:07:13.1361 |DEBUG |LearningPhase2 |LearningPhase2.Pages.Account.LoginModel.OnPost |Storing employee name as session data
9 |2025-06-07 10:07:13.1361 |DEBUG |LearningPhase2 |LearningPhase2.Pages.Account.LoginModel.OnPost |Storing employee id as session data
7 |2025-06-07 10:07:13.1500 |DEBUG |LearningPhase2 |LearningPhase2.Pages.EmployeeNTier.ListModel.OnGet |Calling list OnGet method
7 |2025-06-07 10:07:13.1500 |DEBUG |Service Layer |SeviceLayer.EmployeeManager.GetAll |Fetching all records
7 |2025-06-07 10:07:13.1500 |DEBUG |Data Layer |DataLayer.EmployeeDB.GetAll |Fetching record from DB
7 |2025-06-07 10:07:13.2488 |DEBUG |Data Layer |DataLayer.EmployeeDB.GetAll |Fetched records from DB count - 13
7 |2025-06-07 10:07:13.2488 |DEBUG |Service Layer |SeviceLayer.EmployeeManager.GetAll |Fetched all records
7 |2025-06-07 10:07:13.2488 |DEBUG |LearningPhase2 |LearningPhase2.Pages.EmployeeNTier.ListModel.OnGet |List page OnGet method completed
9 |2025-06-07 10:07:17.1178 |DEBUG |LearningPhase2 |LearningPhase2.Pages.EmployeeNTier.EducationModel.OnGet |Calling list OnGet method
9 |2025-06-07 10:07:17.1178 |DEBUG |Data Layer |DataLayer.EmployeeDB.EducationDetails |Fetching education column data from DB
7 |2025-06-07 10:17:32.2236 |DEBUG |LearningPhase2 |LearningPhase2.Pages.Account.LogoutModel.OnGet |Logout.cshtml.cs onGet method executing
9 |2025-06-07 10:17:46.0006 |DEBUG |LearningPhase2 |LearningPhase2.Pages.Account.LoginModel.OnPost |Storing employee name as session data
9 |2025-06-07 10:17:46.0006 |DEBUG |LearningPhase2 |LearningPhase2.Pages.Account.LoginModel.OnPost |Storing employee id as session data
5 |2025-06-07 10:17:46.0134 |DEBUG |LearningPhase2 |LearningPhase2.Pages.EmployeeNTier.ListModel.OnGet |Calling list OnGet method
5 |2025-06-07 10:17:46.0134 |DEBUG |Service Layer |SeviceLayer.EmployeeManager.GetAll |Fetching all records
5 |2025-06-07 10:17:46.0134 |DEBUG |Data Layer |DataLayer.EmployeeDB.GetAll |Fetching record from DB
5 |2025-06-07 10:17:46.1184 |DEBUG |Data Layer |DataLayer.EmployeeDB.GetAll |Fetched records from DB count - 13
5 |2025-06-07 10:17:46.1184 |DEBUG |Service Layer |SeviceLayer.EmployeeManager.GetAll |Fetched all records
5 |2025-06-07 10:17:46.1184 |DEBUG |LearningPhase2 |LearningPhase2.Pages.EmployeeNTier.ListModel.OnGet |List page OnGet method completed
7 |2025-06-07 10:17:53.3553 |DEBUG |LearningPhase2 |LearningPhase2.Pages.EmployeeNTier.EducationModel.OnGet |Calling list OnGet method
7 |2025-06-07 10:18:09.8112 |DEBUG |Data Layer |DataLayer.EmployeeDB.EducationDetails |Fetching education column data from DB
7 |2025-06-07 10:19:09.2638 |DEBUG |LearningPhase2 |LearningPhase2.Pages.EmployeeNTier.EducationModel.OnGet |Completed OnGetEducationDetails method
3 |2025-06-07 10:21:02.7940 |DEBUG |LearningPhase2 |LearningPhase2.Pages.EmployeeNTier.EducationModel.OnPost |Calling AddEmployee OnPost method
3 |2025-06-07 10:21:02.9305 |DEBUG |Service Layer |SeviceLayer.EmployeeManager.Update |updating employee from service layer
3 |2025-06-07 10:21:02.9305 |DEBUG |Service Layer |SeviceLayer.EmployeeManager.GetByEmail |Fetching record with matching email id
3 |2025-06-07 10:21:03.0427 |DEBUG |Service Layer |SeviceLayer.EmployeeManager.GetByEmail |Fetched record with matching email id
3 |2025-06-07 10:21:03.0427 |DEBUG |Service Layer |SeviceLayer.EmployeeManager.Update |updated employee from service layer
3 |2025-06-07 10:21:03.1683 |DEBUG |LearningPhase2 |LearningPhase2.Pages.EmployeeNTier.EducationModel.OnPost |Called AddEmployee OnPost method
22 |2025-06-07 10:21:06.7331 |DEBUG |LearningPhase2 |LearningPhase2.Pages.EmployeeNTier.EducationModel.OnGet |Calling list OnGet method
22 |2025-06-07 10:21:06.7331 |DEBUG |Data Layer |DataLayer.EmployeeDB.EducationDetails |Fetching education column data from DB
22 |2025-06-07 10:21:06.7424 |DEBUG |LearningPhase2 |LearningPhase2.Pages.EmployeeNTier.EducationModel.OnGet |Completed OnGetEducationDetails method
