5 |2025-06-07 16:54:45.4447 |DEBUG |LearningPhase2 |LearningPhase2.Pages.Account.LogoutModel.OnGet |Logout.cshtml.cs onGet method executing
10 |2025-06-07 16:55:28.3580 |DEBUG |LearningPhase2 |LearningPhase2.Pages.Account.LoginModel.OnPost |Storing employee name as session data
10 |2025-06-07 16:55:28.3580 |DEBUG |LearningPhase2 |LearningPhase2.Pages.Account.LoginModel.OnPost |Storing employee id as session data
20 |2025-06-07 16:55:28.3760 |DEBUG |LearningPhase2 |LearningPhase2.Pages.EmployeeNTier.ListModel.OnGet |Calling list OnGet method
20 |2025-06-07 16:55:28.3760 |DEBUG |Service Layer |SeviceLayer.EmployeeManager.GetAll |Fetching all records
20 |2025-06-07 16:55:28.3760 |DEBUG |Data Layer |DataLayer.EmployeeDB.GetAll |Fetching record from DB
20 |2025-06-07 16:55:28.4922 |DEBUG |Data Layer |DataLayer.EmployeeDB.GetAll |Fetched records from DB count - 13
20 |2025-06-07 16:55:28.4922 |DEBUG |Service Layer |SeviceLayer.EmployeeManager.GetAll |Fetched all records
20 |2025-06-07 16:55:28.4922 |DEBUG |LearningPhase2 |LearningPhase2.Pages.EmployeeNTier.ListModel.OnGet |List page OnGet method completed
10 |2025-06-07 16:55:37.2288 |DEBUG |LearningPhase2 |LearningPhase2.Pages.EmployeeNTier.EducationModel.OnGet |Calling OnGetEducationDetails method
10 |2025-06-07 16:55:37.2288 |DEBUG |Data Layer |DataLayer.EmployeeDB.EducationDetails |Fetching education column data from DB
10 |2025-06-07 16:55:37.3439 |DEBUG |LearningPhase2 |LearningPhase2.Pages.EmployeeNTier.EducationModel.OnGet |Deserializing Json string  Data to Object type
10 |2025-06-07 16:55:37.4149 |DEBUG |LearningPhase2 |LearningPhase2.Pages.EmployeeNTier.EducationModel.OnGet |Completed OnGetEducationDetails method
7 |2025-06-07 16:55:46.9074 |DEBUG |Data Layer |DataLayer.EmployeeDB.EducationDetails |Fetching education column data from DB
5 |2025-06-07 17:05:36.6990 |DEBUG |LearningPhase2 |LearningPhase2.Pages.Account.LogoutModel.OnGet |Logout.cshtml.cs onGet method executing
17 |2025-06-07 17:05:49.0293 |DEBUG |LearningPhase2 |LearningPhase2.Pages.Account.LoginModel.OnPost |Storing employee name as session data
17 |2025-06-07 17:05:49.0293 |DEBUG |LearningPhase2 |LearningPhase2.Pages.Account.LoginModel.OnPost |Storing employee id as session data
5 |2025-06-07 17:05:49.0431 |DEBUG |LearningPhase2 |LearningPhase2.Pages.EmployeeNTier.ListModel.OnGet |Calling list OnGet method
5 |2025-06-07 17:05:49.0431 |DEBUG |Service Layer |SeviceLayer.EmployeeManager.GetAll |Fetching all records
5 |2025-06-07 17:05:49.0431 |DEBUG |Data Layer |DataLayer.EmployeeDB.GetAll |Fetching record from DB
5 |2025-06-07 17:05:49.1615 |DEBUG |Data Layer |DataLayer.EmployeeDB.GetAll |Fetched records from DB count - 13
5 |2025-06-07 17:05:49.1615 |DEBUG |Service Layer |SeviceLayer.EmployeeManager.GetAll |Fetched all records
5 |2025-06-07 17:05:49.1615 |DEBUG |LearningPhase2 |LearningPhase2.Pages.EmployeeNTier.ListModel.OnGet |List page OnGet method completed
9 |2025-06-07 17:05:55.8665 |DEBUG |LearningPhase2 |LearningPhase2.Pages.EmployeeNTier.EducationModel.OnGet |Calling OnGetEducationDetails method
9 |2025-06-07 17:05:55.8665 |DEBUG |Data Layer |DataLayer.EmployeeDB.EducationDetails |Fetching education column data from DB
9 |2025-06-07 17:05:55.9748 |DEBUG |LearningPhase2 |LearningPhase2.Pages.EmployeeNTier.EducationModel.OnGet |Deserializing Json string  Data to Object type
9 |2025-06-07 17:05:56.0475 |DEBUG |LearningPhase2 |LearningPhase2.Pages.EmployeeNTier.EducationModel.OnGet |Completed OnGetEducationDetails method
5 |2025-06-07 17:06:24.2704 |DEBUG |Data Layer |DataLayer.EmployeeDB.EducationDetails |Fetching education column data from DB
5 |2025-06-07 17:07:08.0604 |DEBUG |LearningPhase2 |LearningPhase2.Pages.EmployeeNTier.EducationModel.OnPost |Calling AddEmployee OnPost method
5 |2025-06-07 17:07:16.7328 |DEBUG |Service Layer |SeviceLayer.EmployeeManager.Update |updating employee from service layer
5 |2025-06-07 17:07:16.7328 |DEBUG |Service Layer |SeviceLayer.EmployeeManager.GetByEmail |Fetching record with matching email id
5 |2025-06-07 17:07:16.8238 |DEBUG |Service Layer |SeviceLayer.EmployeeManager.GetByEmail |Fetched record with matching email id
5 |2025-06-07 17:07:16.8238 |DEBUG |Service Layer |SeviceLayer.EmployeeManager.Update |updated employee from service layer
5 |2025-06-07 17:07:17.8991 |DEBUG |LearningPhase2 |LearningPhase2.Pages.EmployeeNTier.EducationModel.OnPost |Called EducationDeatils OnPost method
25 |2025-06-07 17:07:24.1830 |DEBUG |LearningPhase2 |LearningPhase2.Pages.EmployeeNTier.EducationModel.OnGet |Calling OnGetEducationDetails method
25 |2025-06-07 17:07:25.3161 |DEBUG |Data Layer |DataLayer.EmployeeDB.EducationDetails |Fetching education column data from DB
25 |2025-06-07 17:07:25.8359 |DEBUG |LearningPhase2 |LearningPhase2.Pages.EmployeeNTier.EducationModel.OnGet |Deserializing Json string  Data to Object type
25 |2025-06-07 17:07:26.4999 |DEBUG |LearningPhase2 |LearningPhase2.Pages.EmployeeNTier.EducationModel.OnGet |Completed OnGetEducationDetails method
26 |2025-06-07 17:08:38.6226 |DEBUG |LearningPhase2 |LearningPhase2.Pages.Account.LogoutModel.OnGet |Logout.cshtml.cs onGet method executing
9 |2025-06-07 17:08:59.6930 |DEBUG |LearningPhase2 |LearningPhase2.Pages.Account.LoginModel.OnPost |Storing employee name as session data
9 |2025-06-07 17:08:59.7105 |DEBUG |LearningPhase2 |LearningPhase2.Pages.Account.LoginModel.OnPost |Storing employee id as session data
7 |2025-06-07 17:08:59.7304 |DEBUG |LearningPhase2 |LearningPhase2.Pages.EmployeeNTier.ListModel.OnGet |Calling list OnGet method
7 |2025-06-07 17:08:59.7304 |DEBUG |Service Layer |SeviceLayer.EmployeeManager.GetAll |Fetching all records
7 |2025-06-07 17:08:59.7304 |DEBUG |Data Layer |DataLayer.EmployeeDB.GetAll |Fetching record from DB
7 |2025-06-07 17:08:59.8482 |DEBUG |Data Layer |DataLayer.EmployeeDB.GetAll |Fetched records from DB count - 13
7 |2025-06-07 17:08:59.8482 |DEBUG |Service Layer |SeviceLayer.EmployeeManager.GetAll |Fetched all records
7 |2025-06-07 17:08:59.8482 |DEBUG |LearningPhase2 |LearningPhase2.Pages.EmployeeNTier.ListModel.OnGet |List page OnGet method completed
9 |2025-06-07 17:09:04.4896 |DEBUG |LearningPhase2 |LearningPhase2.Pages.EmployeeNTier.EducationModel.OnGet |Calling OnGetEducationDetails method
9 |2025-06-07 17:09:04.4926 |DEBUG |Data Layer |DataLayer.EmployeeDB.EducationDetails |Fetching education column data from DB
9 |2025-06-07 17:09:04.6026 |DEBUG |LearningPhase2 |LearningPhase2.Pages.EmployeeNTier.EducationModel.OnGet |Deserializing Json string  Data to Object type
9 |2025-06-07 17:09:04.6856 |DEBUG |LearningPhase2 |LearningPhase2.Pages.EmployeeNTier.EducationModel.OnGet |Completed OnGetEducationDetails method
9 |2025-06-07 17:09:13.1301 |DEBUG |Data Layer |DataLayer.EmployeeDB.EducationDetails |Fetching education column data from DB
28 |2025-06-07 17:13:26.2281 |DEBUG |LearningPhase2 |LearningPhase2.Pages.Account.LogoutModel.OnGet |Logout.cshtml.cs onGet method executing
25 |2025-06-07 17:13:36.5566 |DEBUG |LearningPhase2 |LearningPhase2.Pages.Account.LoginModel.OnPost |Storing employee name as session data
25 |2025-06-07 17:13:36.5566 |DEBUG |LearningPhase2 |LearningPhase2.Pages.Account.LoginModel.OnPost |Storing employee id as session data
25 |2025-06-07 17:13:36.5566 |DEBUG |LearningPhase2 |LearningPhase2.Pages.EmployeeNTier.ListModel.OnGet |Calling list OnGet method
25 |2025-06-07 17:13:36.5566 |DEBUG |Service Layer |SeviceLayer.EmployeeManager.GetAll |Fetching all records
25 |2025-06-07 17:13:36.5566 |DEBUG |Data Layer |DataLayer.EmployeeDB.GetAll |Fetching record from DB
25 |2025-06-07 17:13:36.6587 |DEBUG |Data Layer |DataLayer.EmployeeDB.GetAll |Fetched records from DB count - 13
25 |2025-06-07 17:13:36.6587 |DEBUG |Service Layer |SeviceLayer.EmployeeManager.GetAll |Fetched all records
25 |2025-06-07 17:13:36.6587 |DEBUG |LearningPhase2 |LearningPhase2.Pages.EmployeeNTier.ListModel.OnGet |List page OnGet method completed
28 |2025-06-07 17:13:42.7464 |DEBUG |LearningPhase2 |LearningPhase2.Pages.EmployeeNTier.EducationModel.OnGet |Calling OnGetEducationDetails method
28 |2025-06-07 17:13:42.7464 |DEBUG |Data Layer |DataLayer.EmployeeDB.EducationDetails |Fetching education column data from DB
28 |2025-06-07 17:13:42.8359 |DEBUG |LearningPhase2 |LearningPhase2.Pages.EmployeeNTier.EducationModel.OnGet |Deserializing Json string  Data to Object type
28 |2025-06-07 17:13:42.8359 |DEBUG |LearningPhase2 |LearningPhase2.Pages.EmployeeNTier.EducationModel.OnGet |Completed OnGetEducationDetails method
25 |2025-06-07 17:13:52.5304 |DEBUG |Data Layer |DataLayer.EmployeeDB.EducationDetails |Fetching education column data from DB
5 |2025-06-07 17:15:42.6181 |DEBUG |LearningPhase2 |LearningPhase2.Pages.Account.LogoutModel.OnGet |Logout.cshtml.cs onGet method executing
10 |2025-06-07 17:15:53.9983 |DEBUG |LearningPhase2 |LearningPhase2.Pages.Account.LoginModel.OnPost |Storing employee name as session data
10 |2025-06-07 17:15:53.9983 |DEBUG |LearningPhase2 |LearningPhase2.Pages.Account.LoginModel.OnPost |Storing employee id as session data
10 |2025-06-07 17:15:54.0140 |DEBUG |LearningPhase2 |LearningPhase2.Pages.EmployeeNTier.ListModel.OnGet |Calling list OnGet method
10 |2025-06-07 17:15:54.0140 |DEBUG |Service Layer |SeviceLayer.EmployeeManager.GetAll |Fetching all records
10 |2025-06-07 17:15:54.0140 |DEBUG |Data Layer |DataLayer.EmployeeDB.GetAll |Fetching record from DB
10 |2025-06-07 17:15:54.1263 |DEBUG |Data Layer |DataLayer.EmployeeDB.GetAll |Fetched records from DB count - 13
10 |2025-06-07 17:15:54.1263 |DEBUG |Service Layer |SeviceLayer.EmployeeManager.GetAll |Fetched all records
10 |2025-06-07 17:15:54.1263 |DEBUG |LearningPhase2 |LearningPhase2.Pages.EmployeeNTier.ListModel.OnGet |List page OnGet method completed
7 |2025-06-07 17:16:02.9461 |DEBUG |LearningPhase2 |LearningPhase2.Pages.EmployeeNTier.EducationModel.OnGet |Calling OnGetEducationDetails method
7 |2025-06-07 17:16:02.9461 |DEBUG |Data Layer |DataLayer.EmployeeDB.EducationDetails |Fetching education column data from DB
7 |2025-06-07 17:16:03.0766 |DEBUG |LearningPhase2 |LearningPhase2.Pages.EmployeeNTier.EducationModel.OnGet |Deserializing Json string  Data to Object type
7 |2025-06-07 17:16:03.1522 |DEBUG |LearningPhase2 |LearningPhase2.Pages.EmployeeNTier.EducationModel.OnGet |Completed OnGetEducationDetails method
5 |2025-06-07 17:16:10.2016 |DEBUG |Data Layer |DataLayer.EmployeeDB.EducationDetails |Fetching education column data from DB
23 |2025-06-07 17:18:49.1870 |DEBUG |LearningPhase2 |LearningPhase2.Pages.EmployeeNTier.EducationModel.OnGet |Calling OnGetEducationDetails method
23 |2025-06-07 17:18:49.1870 |DEBUG |Data Layer |DataLayer.EmployeeDB.EducationDetails |Fetching education column data from DB
23 |2025-06-07 17:18:49.3124 |DEBUG |LearningPhase2 |LearningPhase2.Pages.EmployeeNTier.EducationModel.OnGet |Deserializing Json string  Data to Object type
23 |2025-06-07 17:18:49.3124 |DEBUG |LearningPhase2 |LearningPhase2.Pages.EmployeeNTier.EducationModel.OnGet |Completed OnGetEducationDetails method
3 |2025-06-07 17:19:01.2725 |DEBUG |Data Layer |DataLayer.EmployeeDB.EducationDetails |Fetching education column data from DB
35 |2025-06-07 17:20:37.1533 |DEBUG |LearningPhase2 |LearningPhase2.Pages.EmployeeNTier.EducationModel.OnGet |Calling OnGetEducationDetails method
35 |2025-06-07 17:20:37.1533 |DEBUG |Data Layer |DataLayer.EmployeeDB.EducationDetails |Fetching education column data from DB
35 |2025-06-07 17:20:37.2533 |DEBUG |LearningPhase2 |LearningPhase2.Pages.EmployeeNTier.EducationModel.OnGet |Deserializing Json string  Data to Object type
35 |2025-06-07 17:20:37.2533 |DEBUG |LearningPhase2 |LearningPhase2.Pages.EmployeeNTier.EducationModel.OnGet |Completed OnGetEducationDetails method
30 |2025-06-07 17:20:55.9694 |DEBUG |Data Layer |DataLayer.EmployeeDB.EducationDetails |Fetching education column data from DB
5 |2025-06-07 17:23:04.3047 |DEBUG |LearningPhase2 |LearningPhase2.Pages.Account.LogoutModel.OnGet |Logout.cshtml.cs onGet method executing
5 |2025-06-07 17:23:13.7996 |DEBUG |LearningPhase2 |LearningPhase2.Pages.Account.LoginModel.OnPost |Storing employee name as session data
5 |2025-06-07 17:23:13.7996 |DEBUG |LearningPhase2 |LearningPhase2.Pages.Account.LoginModel.OnPost |Storing employee id as session data
15 |2025-06-07 17:23:13.8122 |DEBUG |LearningPhase2 |LearningPhase2.Pages.EmployeeNTier.ListModel.OnGet |Calling list OnGet method
15 |2025-06-07 17:23:13.8122 |DEBUG |Service Layer |SeviceLayer.EmployeeManager.GetAll |Fetching all records
15 |2025-06-07 17:23:13.8122 |DEBUG |Data Layer |DataLayer.EmployeeDB.GetAll |Fetching record from DB
15 |2025-06-07 17:23:13.9292 |DEBUG |Data Layer |DataLayer.EmployeeDB.GetAll |Fetched records from DB count - 13
15 |2025-06-07 17:23:13.9292 |DEBUG |Service Layer |SeviceLayer.EmployeeManager.GetAll |Fetched all records
15 |2025-06-07 17:23:13.9292 |DEBUG |LearningPhase2 |LearningPhase2.Pages.EmployeeNTier.ListModel.OnGet |List page OnGet method completed
9 |2025-06-07 17:23:19.0165 |DEBUG |LearningPhase2 |LearningPhase2.Pages.EmployeeNTier.EducationModel.OnGet |Calling OnGetEducationDetails method
9 |2025-06-07 17:23:19.0165 |DEBUG |Data Layer |DataLayer.EmployeeDB.EducationDetails |Fetching education column data from DB
9 |2025-06-07 17:23:19.1221 |DEBUG |LearningPhase2 |LearningPhase2.Pages.EmployeeNTier.EducationModel.OnGet |Deserializing Json string  Data to Object type
9 |2025-06-07 17:23:19.1959 |DEBUG |LearningPhase2 |LearningPhase2.Pages.EmployeeNTier.EducationModel.OnGet |Completed OnGetEducationDetails method
9 |2025-06-07 17:23:27.8585 |DEBUG |Data Layer |DataLayer.EmployeeDB.EducationDetails |Fetching education column data from DB
5 |2025-06-07 17:24:06.3809 |DEBUG |Data Layer |DataLayer.EmployeeDB.EducationDetails |Fetching education column data from DB
5 |2025-06-07 17:24:06.4882 |DEBUG |Service Layer |SeviceLayer.EmployeeManager.Update |updating employee from service layer
5 |2025-06-07 17:24:06.4882 |DEBUG |Service Layer |SeviceLayer.EmployeeManager.GetByEmail |Fetching record with matching email id
5 |2025-06-07 17:24:06.5738 |DEBUG |Service Layer |SeviceLayer.EmployeeManager.GetByEmail |Fetched record with matching email id
5 |2025-06-07 17:24:06.5738 |DEBUG |Service Layer |SeviceLayer.EmployeeManager.Update |updated employee from service layer
5 |2025-06-07 17:24:06.6911 |DEBUG |LearningPhase2 |LearningPhase2.Pages.EmployeeNTier.EducationModel.OnPostUpdate |Called EducationDeatils OnPost method
5 |2025-06-07 17:24:07.8664 |DEBUG |LearningPhase2 |LearningPhase2.Pages.EmployeeNTier.EducationModel.OnGet |Calling OnGetEducationDetails method
5 |2025-06-07 17:24:07.8664 |DEBUG |Data Layer |DataLayer.EmployeeDB.EducationDetails |Fetching education column data from DB
5 |2025-06-07 17:24:07.8664 |DEBUG |LearningPhase2 |LearningPhase2.Pages.EmployeeNTier.EducationModel.OnGet |Deserializing Json string  Data to Object type
5 |2025-06-07 17:24:07.8664 |DEBUG |LearningPhase2 |LearningPhase2.Pages.EmployeeNTier.EducationModel.OnGet |Completed OnGetEducationDetails method
