84 |2025-06-17 10:49:51.2820 |DEBUG |LearningPhase2 |LearningPhase2.Pages.EmployeeNTier.ListModel.OnGet |Calling list OnGet method
84 |2025-06-17 10:49:51.2820 |DEBUG |LearningPhase2 |LearningPhase2.Pages.EmployeeNTier.ListModel.OnGet |Getting CompanyId to fetch the employees for that particular ID
86 |2025-06-17 10:49:59.5818 |DEBUG |LearningPhase2 |LearningPhase2.Pages.EmployeeNTier.ListModel.OnGet |Calling list OnGet method
86 |2025-06-17 10:49:59.5818 |DEBUG |LearningPhase2 |LearningPhase2.Pages.EmployeeNTier.ListModel.OnGet |Getting CompanyId to fetch the employees for that particular ID
87 |2025-06-17 10:50:03.3502 |DEBUG |LearningPhase2 |LearningPhase2.Pages.EmployeeNTier.ListModel.OnGet |Calling list OnGet method
87 |2025-06-17 10:50:03.3502 |DEBUG |LearningPhase2 |LearningPhase2.Pages.EmployeeNTier.ListModel.OnGet |Getting CompanyId to fetch the employees for that particular ID
87 |2025-06-17 10:50:04.0289 |DEBUG |LearningPhase2 |LearningPhase2.Pages.EmployeeNTier.ListModel.OnGet |Calling list OnGet method
87 |2025-06-17 10:50:04.0289 |DEBUG |LearningPhase2 |LearningPhase2.Pages.EmployeeNTier.ListModel.OnGet |Getting CompanyId to fetch the employees for that particular ID
84 |2025-06-17 10:50:04.2854 |DEBUG |LearningPhase2 |LearningPhase2.Pages.EmployeeNTier.ListModel.OnGet |Calling list OnGet method
84 |2025-06-17 10:50:04.2854 |DEBUG |LearningPhase2 |LearningPhase2.Pages.EmployeeNTier.ListModel.OnGet |Getting CompanyId to fetch the employees for that particular ID
86 |2025-06-17 10:50:04.5022 |DEBUG |LearningPhase2 |LearningPhase2.Pages.EmployeeNTier.ListModel.OnGet |Calling list OnGet method
86 |2025-06-17 10:50:04.5022 |DEBUG |LearningPhase2 |LearningPhase2.Pages.EmployeeNTier.ListModel.OnGet |Getting CompanyId to fetch the employees for that particular ID
84 |2025-06-17 10:50:04.7033 |DEBUG |LearningPhase2 |LearningPhase2.Pages.EmployeeNTier.ListModel.OnGet |Calling list OnGet method
84 |2025-06-17 10:50:04.7033 |DEBUG |LearningPhase2 |LearningPhase2.Pages.EmployeeNTier.ListModel.OnGet |Getting CompanyId to fetch the employees for that particular ID
84 |2025-06-17 10:50:04.9017 |DEBUG |LearningPhase2 |LearningPhase2.Pages.EmployeeNTier.ListModel.OnGet |Calling list OnGet method
84 |2025-06-17 10:50:04.9017 |DEBUG |LearningPhase2 |LearningPhase2.Pages.EmployeeNTier.ListModel.OnGet |Getting CompanyId to fetch the employees for that particular ID
79 |2025-06-17 10:50:21.4917 |DEBUG |LearningPhase2 |LearningPhase2.Pages.Account.LogoutModel.OnGet |Logout.cshtml.cs onGet method executing
86 |2025-06-17 10:50:33.9674 |DEBUG |Service Layer |SeviceLayer.CompanyManager.GetByCompanySubdomain |Fetching company record from service layer for particular domain
86 |2025-06-17 10:50:34.0593 |DEBUG |Service Layer |SeviceLayer.CompanyManager.GetByCompanySubdomain |Fetched company record from service layer for particular domain
86 |2025-06-17 10:50:34.0593 |DEBUG |Data Layer |DataLayer.EmployeeDB.GetByEmailPasswordCompanyId |Calling this method in DataLayer to fetch Employee data from DB for Email:friends6@gmail.com, Password:123456 and CompanyId:1
86 |2025-06-17 10:50:34.1696 |DEBUG |Data Layer |DataLayer.EmployeeDB.GetByEmailPasswordCompanyId |Calling this method in DataLayer to fetch Employee data from DB for Email:friends6@gmail.com, Password:123456 and CompanyId:1
86 |2025-06-17 10:50:34.1708 |DEBUG |LearningPhase2 |LearningPhase2.Pages.Account.LoginModel.OnPost |Storing employee name as session data
86 |2025-06-17 10:50:34.1708 |DEBUG |LearningPhase2 |LearningPhase2.Pages.Account.LoginModel.OnPost |Storing employee id as session data
87 |2025-06-17 10:50:34.1708 |DEBUG |LearningPhase2 |LearningPhase2.Pages.EmployeeNTier.ListModel.OnGet |Calling list OnGet method
87 |2025-06-17 10:50:34.1708 |DEBUG |LearningPhase2 |LearningPhase2.Pages.EmployeeNTier.ListModel.OnGet |Getting CompanyId to fetch the employees for that particular ID
87 |2025-06-17 10:50:34.1708 |DEBUG |Service Layer |SeviceLayer.EmployeeManager.GetAllByCompanyId |Fetching all Employee records for CompanyId:1
87 |2025-06-17 10:50:34.1708 |DEBUG |Data Layer |DataLayer.EmployeeDB.GetAllByCompanyId |Fetching record from DB after filtering through CompanyId
87 |2025-06-17 10:50:34.2808 |DEBUG |Data Layer |DataLayer.EmployeeDB.GetAllByCompanyId |Fetched records from DB count - 6
87 |2025-06-17 10:50:34.2808 |DEBUG |Service Layer |SeviceLayer.EmployeeManager.GetAllByCompanyId |Fetched all Employee records for CompanyId:1
87 |2025-06-17 10:50:34.2808 |DEBUG |LearningPhase2 |LearningPhase2.Pages.EmployeeNTier.ListModel.OnGet |List page OnGet method completed
79 |2025-06-17 10:50:38.6225 |DEBUG |LearningPhase2 |LearningPhase2.Pages.EmployeeNTier.ListModel.OnGet |Calling list OnGet method
79 |2025-06-17 10:50:38.6242 |DEBUG |LearningPhase2 |LearningPhase2.Pages.EmployeeNTier.ListModel.OnGet |Getting CompanyId to fetch the employees for that particular ID
79 |2025-06-17 10:50:38.6242 |DEBUG |Service Layer |SeviceLayer.EmployeeManager.GetAllByCompanyId |Fetching all Employee records for CompanyId:1
79 |2025-06-17 10:50:38.6242 |DEBUG |Data Layer |DataLayer.EmployeeDB.GetAllByCompanyId |Fetching record from DB after filtering through CompanyId
79 |2025-06-17 10:50:38.7323 |DEBUG |Data Layer |DataLayer.EmployeeDB.GetAllByCompanyId |Fetched records from DB count - 6
79 |2025-06-17 10:50:38.7323 |DEBUG |Service Layer |SeviceLayer.EmployeeManager.GetAllByCompanyId |Fetched all Employee records for CompanyId:1
79 |2025-06-17 10:50:38.7337 |DEBUG |LearningPhase2 |LearningPhase2.Pages.EmployeeNTier.ListModel.OnGet |List page OnGet method completed
80 |2025-06-17 10:54:03.0501 |DEBUG |LearningPhase2 |LearningPhase2.Pages.EmployeeNTier.ListModel.OnGet |Calling list OnGet method
80 |2025-06-17 10:54:03.0501 |DEBUG |LearningPhase2 |LearningPhase2.Pages.EmployeeNTier.ListModel.OnGet |Getting CompanyId to fetch the employees for that particular ID
80 |2025-06-17 10:54:03.0501 |DEBUG |Service Layer |SeviceLayer.EmployeeManager.GetAllByCompanyId |Fetching all Employee records for CompanyId:1
80 |2025-06-17 10:54:03.0501 |DEBUG |Data Layer |DataLayer.EmployeeDB.GetAllByCompanyId |Fetching record from DB after filtering through CompanyId
80 |2025-06-17 10:54:03.1371 |DEBUG |Data Layer |DataLayer.EmployeeDB.GetAllByCompanyId |Fetched records from DB count - 6
80 |2025-06-17 10:54:03.1371 |DEBUG |Service Layer |SeviceLayer.EmployeeManager.GetAllByCompanyId |Fetched all Employee records for CompanyId:1
80 |2025-06-17 10:54:03.1371 |DEBUG |LearningPhase2 |LearningPhase2.Pages.EmployeeNTier.ListModel.OnGet |List page OnGet method completed
70 |2025-06-17 10:55:14.4333 |DEBUG |LearningPhase2 |LearningPhase2.Pages.EmployeeNTier.ListModel.OnGet |Calling list OnGet method
70 |2025-06-17 10:55:14.4333 |DEBUG |LearningPhase2 |LearningPhase2.Pages.EmployeeNTier.ListModel.OnGet |Getting CompanyId to fetch the employees for that particular ID
70 |2025-06-17 10:55:14.4333 |DEBUG |Service Layer |SeviceLayer.EmployeeManager.GetAllByCompanyId |Fetching all Employee records for CompanyId:1
70 |2025-06-17 10:55:14.4373 |DEBUG |Data Layer |DataLayer.EmployeeDB.GetAllByCompanyId |Fetching record from DB after filtering through CompanyId
70 |2025-06-17 10:55:14.5202 |DEBUG |Data Layer |DataLayer.EmployeeDB.GetAllByCompanyId |Fetched records from DB count - 6
70 |2025-06-17 10:55:14.5202 |DEBUG |Service Layer |SeviceLayer.EmployeeManager.GetAllByCompanyId |Fetched all Employee records for CompanyId:1
70 |2025-06-17 10:55:14.5202 |DEBUG |LearningPhase2 |LearningPhase2.Pages.EmployeeNTier.ListModel.OnGet |List page OnGet method completed
80 |2025-06-17 10:56:14.0870 |DEBUG |Service Layer |SeviceLayer.DepartmentManager.GetAll |Fetching department lists service layer
80 |2025-06-17 10:56:14.1469 |DEBUG |Service Layer |SeviceLayer.DepartmentManager.GetAll |Fetched department lists service layer
61 |2025-06-17 10:58:12.4484 |DEBUG |Service Layer |SeviceLayer.DepartmentManager.GetAll |Fetching department lists service layer
61 |2025-06-17 10:58:12.5299 |DEBUG |Service Layer |SeviceLayer.DepartmentManager.GetAll |Fetched department lists service layer
58 |2025-06-17 11:00:04.4948 |DEBUG |Service Layer |SeviceLayer.DepartmentManager.GetAll |Fetching department lists service layer
58 |2025-06-17 11:00:04.5882 |DEBUG |Service Layer |SeviceLayer.DepartmentManager.GetAll |Fetched department lists service layer
64 |2025-06-17 11:00:52.0944 |DEBUG |Service Layer |SeviceLayer.DepartmentManager.GetAll |Fetching department lists service layer
64 |2025-06-17 11:00:52.1785 |DEBUG |Service Layer |SeviceLayer.DepartmentManager.GetAll |Fetched department lists service layer
64 |2025-06-17 11:01:01.1671 |DEBUG |Service Layer |SeviceLayer.DepartmentManager.GetAll |Fetching department lists service layer
64 |2025-06-17 11:01:01.2578 |DEBUG |Service Layer |SeviceLayer.DepartmentManager.GetAll |Fetched department lists service layer
68 |2025-06-17 11:08:59.2374 |DEBUG |Service Layer |SeviceLayer.DepartmentManager.GetAll |Fetching department lists service layer
68 |2025-06-17 11:08:59.2952 |DEBUG |Service Layer |SeviceLayer.DepartmentManager.GetAll |Fetched department lists service layer
68 |2025-06-17 11:09:06.9818 |DEBUG |Service Layer |SeviceLayer.DepartmentManager.GetAll |Fetching department lists service layer
68 |2025-06-17 11:09:07.0691 |DEBUG |Service Layer |SeviceLayer.DepartmentManager.GetAll |Fetched department lists service layer
62 |2025-06-17 11:12:46.0529 |DEBUG |Service Layer |SeviceLayer.DepartmentManager.GetAll |Fetching department lists service layer
62 |2025-06-17 11:12:46.1374 |DEBUG |Service Layer |SeviceLayer.DepartmentManager.GetAll |Fetched department lists service layer
61 |2025-06-17 11:14:42.9731 |DEBUG |Service Layer |SeviceLayer.DepartmentManager.GetAll |Fetching department lists service layer
61 |2025-06-17 11:14:43.0200 |DEBUG |Service Layer |SeviceLayer.DepartmentManager.GetAll |Fetched department lists service layer
60 |2025-06-17 11:14:47.7719 |DEBUG |LearningPhase2 |LearningPhase2.Pages.EmployeeNTier.ListModel.OnGet |Calling list OnGet method
60 |2025-06-17 11:14:47.7719 |DEBUG |LearningPhase2 |LearningPhase2.Pages.EmployeeNTier.ListModel.OnGet |Getting CompanyId to fetch the employees for that particular ID
60 |2025-06-17 11:14:47.7719 |DEBUG |Service Layer |SeviceLayer.EmployeeManager.GetAllByCompanyId |Fetching all Employee records for CompanyId:1
60 |2025-06-17 11:14:47.7719 |DEBUG |Data Layer |DataLayer.EmployeeDB.GetAllByCompanyId |Fetching record from DB after filtering through CompanyId
60 |2025-06-17 11:14:47.8600 |DEBUG |Data Layer |DataLayer.EmployeeDB.GetAllByCompanyId |Fetched records from DB count - 6
60 |2025-06-17 11:14:47.8600 |DEBUG |Service Layer |SeviceLayer.EmployeeManager.GetAllByCompanyId |Fetched all Employee records for CompanyId:1
60 |2025-06-17 11:14:47.8600 |DEBUG |LearningPhase2 |LearningPhase2.Pages.EmployeeNTier.ListModel.OnGet |List page OnGet method completed
64 |2025-06-17 11:16:17.8834 |DEBUG |LearningPhase2 |LearningPhase2.Pages.Account.LogoutModel.OnGet |Logout.cshtml.cs onGet method executing
