35 |2025-06-09 09:38:25.3419 |DEBUG |LearningPhase2 |LearningPhase2.Pages.EmployeeNTier.EducationModel.OnGet |Calling OnGetEducationDetails method
35 |2025-06-09 09:38:25.3419 |DEBUG |Data Layer |DataLayer.EmployeeDB.EducationDetails |Fetching education column data from DB
35 |2025-06-09 09:38:25.4153 |DEBUG |LearningPhase2 |LearningPhase2.Pages.EmployeeNTier.EducationModel.OnGet |Deserializing Json string  Data to Object type
35 |2025-06-09 09:38:25.4153 |DEBUG |LearningPhase2 |LearningPhase2.Pages.EmployeeNTier.EducationModel.OnGet |Completed OnGetEducationDetails method
38 |2025-06-09 09:38:29.8120 |DEBUG |LearningPhase2 |LearningPhase2.Pages.Account.LogoutModel.OnGet |Logout.cshtml.cs onGet method executing
17 |2025-06-09 09:40:10.2922 |DEBUG |LearningPhase2 |LearningPhase2.Pages.Account.LoginModel.OnPost |Storing employee name as session data
17 |2025-06-09 09:40:10.3080 |DEBUG |LearningPhase2 |LearningPhase2.Pages.Account.LoginModel.OnPost |Storing employee id as session data
9 |2025-06-09 09:40:10.3236 |DEBUG |LearningPhase2 |LearningPhase2.Pages.EmployeeNTier.ListModel.OnGet |Calling list OnGet method
9 |2025-06-09 09:40:10.3236 |DEBUG |Service Layer |SeviceLayer.EmployeeManager.GetAll |Fetching all records
9 |2025-06-09 09:40:10.3236 |DEBUG |Data Layer |DataLayer.EmployeeDB.GetAll |Fetching record from DB
9 |2025-06-09 09:40:10.4337 |DEBUG |Data Layer |DataLayer.EmployeeDB.GetAll |Fetched records from DB count - 13
9 |2025-06-09 09:40:10.4337 |DEBUG |Service Layer |SeviceLayer.EmployeeManager.GetAll |Fetched all records
9 |2025-06-09 09:40:10.4337 |DEBUG |LearningPhase2 |LearningPhase2.Pages.EmployeeNTier.ListModel.OnGet |List page OnGet method completed
7 |2025-06-09 09:40:13.8858 |DEBUG |LearningPhase2 |LearningPhase2.Pages.EmployeeNTier.EducationModel.OnGet |Calling OnGetEducationDetails method
7 |2025-06-09 09:40:13.8858 |DEBUG |Data Layer |DataLayer.EmployeeDB.EducationDetails |Fetching education column data from DB
7 |2025-06-09 09:40:14.0022 |DEBUG |LearningPhase2 |LearningPhase2.Pages.EmployeeNTier.EducationModel.OnGet |Deserializing Json string  Data to Object type
7 |2025-06-09 09:40:14.0746 |DEBUG |LearningPhase2 |LearningPhase2.Pages.EmployeeNTier.EducationModel.OnGet |Completed OnGetEducationDetails method
7 |2025-06-09 09:41:07.9885 |DEBUG |LearningPhase2 |LearningPhase2.Pages.EmployeeNTier.EducationModel.OnGet |Calling OnGetEducationDetails method
7 |2025-06-09 09:41:07.9885 |DEBUG |Data Layer |DataLayer.EmployeeDB.EducationDetails |Fetching education column data from DB
7 |2025-06-09 09:41:08.0983 |DEBUG |LearningPhase2 |LearningPhase2.Pages.EmployeeNTier.EducationModel.OnGet |Deserializing Json string  Data to Object type
7 |2025-06-09 09:41:08.0983 |DEBUG |LearningPhase2 |LearningPhase2.Pages.EmployeeNTier.EducationModel.OnGet |Completed OnGetEducationDetails method
7 |2025-06-09 09:43:34.6949 |DEBUG |LearningPhase2 |LearningPhase2.Pages.Account.LogoutModel.OnGet |Logout.cshtml.cs onGet method executing
10 |2025-06-09 09:43:44.6193 |DEBUG |LearningPhase2 |LearningPhase2.Pages.Account.LoginModel.OnPost |Storing employee name as session data
10 |2025-06-09 09:43:44.6193 |DEBUG |LearningPhase2 |LearningPhase2.Pages.Account.LoginModel.OnPost |Storing employee id as session data
5 |2025-06-09 09:43:44.6337 |DEBUG |LearningPhase2 |LearningPhase2.Pages.EmployeeNTier.ListModel.OnGet |Calling list OnGet method
5 |2025-06-09 09:43:44.6337 |DEBUG |Service Layer |SeviceLayer.EmployeeManager.GetAll |Fetching all records
5 |2025-06-09 09:43:44.6337 |DEBUG |Data Layer |DataLayer.EmployeeDB.GetAll |Fetching record from DB
5 |2025-06-09 09:43:44.7406 |DEBUG |Data Layer |DataLayer.EmployeeDB.GetAll |Fetched records from DB count - 13
5 |2025-06-09 09:43:44.7406 |DEBUG |Service Layer |SeviceLayer.EmployeeManager.GetAll |Fetched all records
5 |2025-06-09 09:43:44.7406 |DEBUG |LearningPhase2 |LearningPhase2.Pages.EmployeeNTier.ListModel.OnGet |List page OnGet method completed
9 |2025-06-09 09:43:48.2771 |DEBUG |LearningPhase2 |LearningPhase2.Pages.EmployeeNTier.EducationModel.OnGet |Calling OnGetEducationDetails method
9 |2025-06-09 09:43:48.2771 |DEBUG |Data Layer |DataLayer.EmployeeDB.EducationDetails |Fetching education column data from DB
9 |2025-06-09 09:43:48.3894 |DEBUG |LearningPhase2 |LearningPhase2.Pages.EmployeeNTier.EducationModel.OnGet |Deserializing Json string  Data to Object type
9 |2025-06-09 09:43:48.4580 |DEBUG |LearningPhase2 |LearningPhase2.Pages.EmployeeNTier.EducationModel.OnGet |Completed OnGetEducationDetails method
5 |2025-06-09 09:44:08.1566 |DEBUG |LearningPhase2 |LearningPhase2.Pages.EmployeeNTier.EducationModel.OnGet |Calling OnGetEducationDetails method
5 |2025-06-09 09:44:08.1582 |DEBUG |Data Layer |DataLayer.EmployeeDB.EducationDetails |Fetching education column data from DB
5 |2025-06-09 09:44:08.2672 |DEBUG |LearningPhase2 |LearningPhase2.Pages.EmployeeNTier.EducationModel.OnGet |Deserializing Json string  Data to Object type
5 |2025-06-09 09:44:08.2687 |DEBUG |LearningPhase2 |LearningPhase2.Pages.EmployeeNTier.EducationModel.OnGet |Completed OnGetEducationDetails method
33 |2025-06-09 10:04:20.1688 |DEBUG |LearningPhase2 |LearningPhase2.Pages.Account.LogoutModel.OnGet |Logout.cshtml.cs onGet method executing
18 |2025-06-09 10:05:20.0620 |DEBUG |LearningPhase2 |LearningPhase2.Pages.Account.LoginModel.OnPost |Storing employee name as session data
18 |2025-06-09 10:05:20.0790 |DEBUG |LearningPhase2 |LearningPhase2.Pages.Account.LoginModel.OnPost |Storing employee id as session data
10 |2025-06-09 10:05:20.0932 |DEBUG |LearningPhase2 |LearningPhase2.Pages.EmployeeNTier.ListModel.OnGet |Calling list OnGet method
10 |2025-06-09 10:05:20.0932 |DEBUG |Service Layer |SeviceLayer.EmployeeManager.GetAll |Fetching all records
10 |2025-06-09 10:05:20.0952 |DEBUG |Data Layer |DataLayer.EmployeeDB.GetAll |Fetching record from DB
10 |2025-06-09 10:05:20.2118 |DEBUG |Data Layer |DataLayer.EmployeeDB.GetAll |Fetched records from DB count - 13
10 |2025-06-09 10:05:20.2118 |DEBUG |Service Layer |SeviceLayer.EmployeeManager.GetAll |Fetched all records
10 |2025-06-09 10:05:20.2118 |DEBUG |LearningPhase2 |LearningPhase2.Pages.EmployeeNTier.ListModel.OnGet |List page OnGet method completed
7 |2025-06-09 10:05:24.0675 |DEBUG |LearningPhase2 |LearningPhase2.Pages.EmployeeNTier.EducationModel.OnGet |Calling OnGetEducationDetails method
7 |2025-06-09 10:05:24.0675 |DEBUG |Data Layer |DataLayer.EmployeeDB.EducationDetails |Fetching education column data from DB
7 |2025-06-09 10:05:24.1900 |DEBUG |LearningPhase2 |LearningPhase2.Pages.EmployeeNTier.EducationModel.OnGet |Deserializing Json string  Data to Object type
7 |2025-06-09 10:05:24.2743 |DEBUG |LearningPhase2 |LearningPhase2.Pages.EmployeeNTier.EducationModel.OnGet |Completed OnGetEducationDetails method
3 |2025-06-09 10:08:24.6231 |DEBUG |LearningPhase2 |LearningPhase2.Pages.Account.LogoutModel.OnGet |Logout.cshtml.cs onGet method executing
5 |2025-06-09 10:08:49.0860 |DEBUG |LearningPhase2 |LearningPhase2.Pages.Account.LoginModel.OnPost |Storing employee name as session data
5 |2025-06-09 10:08:49.1017 |DEBUG |LearningPhase2 |LearningPhase2.Pages.Account.LoginModel.OnPost |Storing employee id as session data
9 |2025-06-09 10:08:49.1162 |DEBUG |LearningPhase2 |LearningPhase2.Pages.EmployeeNTier.ListModel.OnGet |Calling list OnGet method
9 |2025-06-09 10:08:49.1162 |DEBUG |Service Layer |SeviceLayer.EmployeeManager.GetAll |Fetching all records
9 |2025-06-09 10:08:49.1162 |DEBUG |Data Layer |DataLayer.EmployeeDB.GetAll |Fetching record from DB
9 |2025-06-09 10:08:49.2222 |DEBUG |Data Layer |DataLayer.EmployeeDB.GetAll |Fetched records from DB count - 13
9 |2025-06-09 10:08:49.2222 |DEBUG |Service Layer |SeviceLayer.EmployeeManager.GetAll |Fetched all records
9 |2025-06-09 10:08:49.2222 |DEBUG |LearningPhase2 |LearningPhase2.Pages.EmployeeNTier.ListModel.OnGet |List page OnGet method completed
7 |2025-06-09 10:08:53.6206 |DEBUG |LearningPhase2 |LearningPhase2.Pages.EmployeeNTier.EducationModel.OnGet |Calling OnGetEducationDetails method
7 |2025-06-09 10:08:53.6206 |DEBUG |Data Layer |DataLayer.EmployeeDB.EducationDetails |Fetching education column data from DB
7 |2025-06-09 10:08:53.7320 |DEBUG |LearningPhase2 |LearningPhase2.Pages.EmployeeNTier.EducationModel.OnGet |Deserializing Json string  Data to Object type
7 |2025-06-09 10:08:53.8128 |DEBUG |LearningPhase2 |LearningPhase2.Pages.EmployeeNTier.EducationModel.OnGet |Completed OnGetEducationDetails method
3 |2025-06-09 10:11:48.2591 |DEBUG |LearningPhase2 |LearningPhase2.Pages.EmployeeNTier.EducationModel.OnGet |Calling OnGetEducationDetails method
3 |2025-06-09 10:11:48.2591 |DEBUG |Data Layer |DataLayer.EmployeeDB.EducationDetails |Fetching education column data from DB
3 |2025-06-09 10:11:48.3719 |DEBUG |LearningPhase2 |LearningPhase2.Pages.EmployeeNTier.EducationModel.OnGet |Deserializing Json string  Data to Object type
3 |2025-06-09 10:11:48.3719 |DEBUG |LearningPhase2 |LearningPhase2.Pages.EmployeeNTier.EducationModel.OnGet |Completed OnGetEducationDetails method
23 |2025-06-09 10:11:57.5170 |DEBUG |LearningPhase2 |LearningPhase2.Pages.EmployeeNTier.EducationModel.OnGet |Calling OnGetEducationDetails method
23 |2025-06-09 10:11:57.5210 |DEBUG |Data Layer |DataLayer.EmployeeDB.EducationDetails |Fetching education column data from DB
25 |2025-06-09 10:11:57.5210 |DEBUG |LearningPhase2 |LearningPhase2.Pages.Account.LogoutModel.OnGet |Logout.cshtml.cs onGet method executing
23 |2025-06-09 10:11:57.6055 |DEBUG |LearningPhase2 |LearningPhase2.Pages.EmployeeNTier.EducationModel.OnGet |Deserializing Json string  Data to Object type
23 |2025-06-09 10:11:57.6055 |DEBUG |LearningPhase2 |LearningPhase2.Pages.EmployeeNTier.EducationModel.OnGet |Completed OnGetEducationDetails method
10 |2025-06-09 10:12:21.1249 |DEBUG |LearningPhase2 |LearningPhase2.Pages.Account.LoginModel.OnPost |Storing employee name as session data
10 |2025-06-09 10:12:21.1430 |DEBUG |LearningPhase2 |LearningPhase2.Pages.Account.LoginModel.OnPost |Storing employee id as session data
5 |2025-06-09 10:12:21.1586 |DEBUG |LearningPhase2 |LearningPhase2.Pages.EmployeeNTier.ListModel.OnGet |Calling list OnGet method
5 |2025-06-09 10:12:21.1586 |DEBUG |Service Layer |SeviceLayer.EmployeeManager.GetAll |Fetching all records
5 |2025-06-09 10:12:21.1586 |DEBUG |Data Layer |DataLayer.EmployeeDB.GetAll |Fetching record from DB
5 |2025-06-09 10:12:21.2773 |DEBUG |Data Layer |DataLayer.EmployeeDB.GetAll |Fetched records from DB count - 13
5 |2025-06-09 10:12:21.2773 |DEBUG |Service Layer |SeviceLayer.EmployeeManager.GetAll |Fetched all records
5 |2025-06-09 10:12:21.2773 |DEBUG |LearningPhase2 |LearningPhase2.Pages.EmployeeNTier.ListModel.OnGet |List page OnGet method completed
7 |2025-06-09 10:12:24.7893 |DEBUG |LearningPhase2 |LearningPhase2.Pages.EmployeeNTier.EducationModel.OnGet |Calling OnGetEducationDetails method
7 |2025-06-09 10:12:24.7893 |DEBUG |Data Layer |DataLayer.EmployeeDB.EducationDetails |Fetching education column data from DB
7 |2025-06-09 10:12:24.9058 |DEBUG |LearningPhase2 |LearningPhase2.Pages.EmployeeNTier.EducationModel.OnGet |Deserializing Json string  Data to Object type
7 |2025-06-09 10:12:24.9826 |DEBUG |LearningPhase2 |LearningPhase2.Pages.EmployeeNTier.EducationModel.OnGet |Completed OnGetEducationDetails method
9 |2025-06-09 10:14:11.2373 |DEBUG |LearningPhase2 |LearningPhase2.Pages.Account.LogoutModel.OnGet |Logout.cshtml.cs onGet method executing
15 |2025-06-09 10:14:21.2205 |DEBUG |LearningPhase2 |LearningPhase2.Pages.Account.LoginModel.OnPost |Storing employee name as session data
15 |2025-06-09 10:14:21.2205 |DEBUG |LearningPhase2 |LearningPhase2.Pages.Account.LoginModel.OnPost |Storing employee id as session data
5 |2025-06-09 10:14:21.2205 |DEBUG |LearningPhase2 |LearningPhase2.Pages.EmployeeNTier.ListModel.OnGet |Calling list OnGet method
5 |2025-06-09 10:14:21.2205 |DEBUG |Service Layer |SeviceLayer.EmployeeManager.GetAll |Fetching all records
5 |2025-06-09 10:14:21.2359 |DEBUG |Data Layer |DataLayer.EmployeeDB.GetAll |Fetching record from DB
5 |2025-06-09 10:14:21.3538 |DEBUG |Data Layer |DataLayer.EmployeeDB.GetAll |Fetched records from DB count - 13
5 |2025-06-09 10:14:21.3538 |DEBUG |Service Layer |SeviceLayer.EmployeeManager.GetAll |Fetched all records
5 |2025-06-09 10:14:21.3538 |DEBUG |LearningPhase2 |LearningPhase2.Pages.EmployeeNTier.ListModel.OnGet |List page OnGet method completed
9 |2025-06-09 10:14:24.1886 |DEBUG |LearningPhase2 |LearningPhase2.Pages.EmployeeNTier.EducationModel.OnGet |Calling OnGetEducationDetails method
9 |2025-06-09 10:14:24.1902 |DEBUG |Data Layer |DataLayer.EmployeeDB.EducationDetails |Fetching education column data from DB
9 |2025-06-09 10:14:24.3026 |DEBUG |LearningPhase2 |LearningPhase2.Pages.EmployeeNTier.EducationModel.OnGet |Deserializing Json string  Data to Object type
9 |2025-06-09 10:14:24.4028 |DEBUG |LearningPhase2 |LearningPhase2.Pages.EmployeeNTier.EducationModel.OnGet |Completed OnGetEducationDetails method
7 |2025-06-09 10:14:37.8240 |DEBUG |Data Layer |DataLayer.EmployeeDB.EducationDetails |Fetching education column data from DB
7 |2025-06-09 10:14:45.2461 |DEBUG |LearningPhase2 |LearningPhase2.Pages.EmployeeNTier.EducationModel.OnGet |Calling OnGetEducationDetails method
7 |2025-06-09 10:14:47.3668 |DEBUG |Data Layer |DataLayer.EmployeeDB.EducationDetails |Fetching education column data from DB
7 |2025-06-09 10:14:48.8459 |DEBUG |LearningPhase2 |LearningPhase2.Pages.EmployeeNTier.EducationModel.OnGet |Deserializing Json string  Data to Object type
7 |2025-06-09 10:14:50.1363 |DEBUG |LearningPhase2 |LearningPhase2.Pages.EmployeeNTier.EducationModel.OnGet |Completed OnGetEducationDetails method
5 |2025-06-09 10:15:15.0081 |DEBUG |Data Layer |DataLayer.EmployeeDB.EducationDetails |Fetching education column data from DB
5 |2025-06-09 10:17:04.2620 |DEBUG |LearningPhase2 |LearningPhase2.Pages.Account.LogoutModel.OnGet |Logout.cshtml.cs onGet method executing
5 |2025-06-09 10:17:14.1720 |DEBUG |LearningPhase2 |LearningPhase2.Pages.Account.LoginModel.OnPost |Storing employee name as session data
5 |2025-06-09 10:17:14.1720 |DEBUG |LearningPhase2 |LearningPhase2.Pages.Account.LoginModel.OnPost |Storing employee id as session data
15 |2025-06-09 10:17:14.1873 |DEBUG |LearningPhase2 |LearningPhase2.Pages.EmployeeNTier.ListModel.OnGet |Calling list OnGet method
15 |2025-06-09 10:17:14.1873 |DEBUG |Service Layer |SeviceLayer.EmployeeManager.GetAll |Fetching all records
15 |2025-06-09 10:17:14.1892 |DEBUG |Data Layer |DataLayer.EmployeeDB.GetAll |Fetching record from DB
15 |2025-06-09 10:17:14.3042 |DEBUG |Data Layer |DataLayer.EmployeeDB.GetAll |Fetched records from DB count - 13
15 |2025-06-09 10:17:14.3042 |DEBUG |Service Layer |SeviceLayer.EmployeeManager.GetAll |Fetched all records
15 |2025-06-09 10:17:14.3042 |DEBUG |LearningPhase2 |LearningPhase2.Pages.EmployeeNTier.ListModel.OnGet |List page OnGet method completed
7 |2025-06-09 10:17:17.9504 |DEBUG |LearningPhase2 |LearningPhase2.Pages.EmployeeNTier.EducationModel.OnGet |Calling OnGetEducationDetails method
7 |2025-06-09 10:17:17.9504 |DEBUG |Data Layer |DataLayer.EmployeeDB.EducationDetails |Fetching education column data from DB
7 |2025-06-09 10:17:18.0821 |DEBUG |LearningPhase2 |LearningPhase2.Pages.EmployeeNTier.EducationModel.OnGet |Deserializing Json string  Data to Object type
7 |2025-06-09 10:17:18.1555 |DEBUG |LearningPhase2 |LearningPhase2.Pages.EmployeeNTier.EducationModel.OnGet |Completed OnGetEducationDetails method
15 |2025-06-09 10:17:57.5822 |DEBUG |Data Layer |DataLayer.EmployeeDB.EducationDetails |Fetching education column data from DB
21 |2025-06-09 10:21:57.0038 |DEBUG |LearningPhase2 |LearningPhase2.Pages.EmployeeNTier.EducationModel.OnGet |Calling OnGetEducationDetails method
21 |2025-06-09 10:21:57.0038 |DEBUG |Data Layer |DataLayer.EmployeeDB.EducationDetails |Fetching education column data from DB
21 |2025-06-09 10:21:57.1093 |DEBUG |LearningPhase2 |LearningPhase2.Pages.EmployeeNTier.EducationModel.OnGet |Deserializing Json string  Data to Object type
21 |2025-06-09 10:21:57.1093 |DEBUG |LearningPhase2 |LearningPhase2.Pages.EmployeeNTier.EducationModel.OnGet |Completed OnGetEducationDetails method
21 |2025-06-09 10:22:00.1829 |DEBUG |LearningPhase2 |LearningPhase2.Pages.Account.LogoutModel.OnGet |Logout.cshtml.cs onGet method executing
16 |2025-06-09 10:22:53.3308 |DEBUG |LearningPhase2 |LearningPhase2.Pages.Account.LoginModel.OnPost |Storing employee name as session data
16 |2025-06-09 10:22:53.3498 |DEBUG |LearningPhase2 |LearningPhase2.Pages.Account.LoginModel.OnPost |Storing employee id as session data
10 |2025-06-09 10:22:53.3670 |DEBUG |LearningPhase2 |LearningPhase2.Pages.EmployeeNTier.ListModel.OnGet |Calling list OnGet method
10 |2025-06-09 10:22:53.3670 |DEBUG |Service Layer |SeviceLayer.EmployeeManager.GetAll |Fetching all records
10 |2025-06-09 10:22:53.3670 |DEBUG |Data Layer |DataLayer.EmployeeDB.GetAll |Fetching record from DB
10 |2025-06-09 10:22:53.4777 |DEBUG |Data Layer |DataLayer.EmployeeDB.GetAll |Fetched records from DB count - 13
10 |2025-06-09 10:22:53.4777 |DEBUG |Service Layer |SeviceLayer.EmployeeManager.GetAll |Fetched all records
10 |2025-06-09 10:22:53.4777 |DEBUG |LearningPhase2 |LearningPhase2.Pages.EmployeeNTier.ListModel.OnGet |List page OnGet method completed
9 |2025-06-09 10:22:57.9238 |DEBUG |LearningPhase2 |LearningPhase2.Pages.EmployeeNTier.EducationModel.OnGet |Calling OnGetEducationDetails method
9 |2025-06-09 10:22:57.9238 |DEBUG |Data Layer |DataLayer.EmployeeDB.EducationDetails |Fetching education column data from DB
9 |2025-06-09 10:22:58.0562 |DEBUG |LearningPhase2 |LearningPhase2.Pages.EmployeeNTier.EducationModel.OnGet |Deserializing Json string  Data to Object type
9 |2025-06-09 10:22:58.1297 |DEBUG |LearningPhase2 |LearningPhase2.Pages.EmployeeNTier.EducationModel.OnGet |Completed OnGetEducationDetails method
5 |2025-06-09 10:23:06.5508 |DEBUG |Data Layer |DataLayer.EmployeeDB.EducationDetails |Fetching education column data from DB
5 |2025-06-09 10:23:25.6612 |DEBUG |LearningPhase2 |LearningPhase2.Pages.EmployeeNTier.EducationModel.OnGetDelete |Calling Update method on AddEducationDetails Page
5 |2025-06-09 10:23:26.0292 |DEBUG |Service Layer |SeviceLayer.EmployeeManager.Update |updating employee from service layer
5 |2025-06-09 10:23:26.0292 |DEBUG |Service Layer |SeviceLayer.EmployeeManager.GetByEmail |Fetching record with matching email id
5 |2025-06-09 10:23:26.1270 |DEBUG |Service Layer |SeviceLayer.EmployeeManager.GetByEmail |Fetched record with matching email id
5 |2025-06-09 10:23:26.1270 |DEBUG |Service Layer |SeviceLayer.EmployeeManager.Update |updated employee from service layer
5 |2025-06-09 10:23:27.9815 |DEBUG |LearningPhase2 |LearningPhase2.Pages.EmployeeNTier.EducationModel.OnGetDelete |Update method successfully called
7 |2025-06-09 10:23:30.8621 |DEBUG |LearningPhase2 |LearningPhase2.Pages.EmployeeNTier.EducationModel.OnGet |Calling OnGetEducationDetails method
7 |2025-06-09 10:23:33.1241 |DEBUG |Data Layer |DataLayer.EmployeeDB.EducationDetails |Fetching education column data from DB
7 |2025-06-09 10:23:34.2220 |DEBUG |LearningPhase2 |LearningPhase2.Pages.EmployeeNTier.EducationModel.OnGet |Deserializing Json string  Data to Object type
7 |2025-06-09 10:23:35.5164 |DEBUG |LearningPhase2 |LearningPhase2.Pages.EmployeeNTier.EducationModel.OnGet |Completed OnGetEducationDetails method
7 |2025-06-09 10:23:51.2984 |DEBUG |Data Layer |DataLayer.EmployeeDB.EducationDetails |Fetching education column data from DB
7 |2025-06-09 10:23:51.3834 |DEBUG |LearningPhase2 |LearningPhase2.Pages.EmployeeNTier.EducationModel.OnGetDelete |Calling Update method on AddEducationDetails Page
7 |2025-06-09 10:23:51.3834 |DEBUG |Service Layer |SeviceLayer.EmployeeManager.Update |updating employee from service layer
7 |2025-06-09 10:23:51.3834 |DEBUG |Service Layer |SeviceLayer.EmployeeManager.GetByEmail |Fetching record with matching email id
7 |2025-06-09 10:23:51.4633 |DEBUG |Service Layer |SeviceLayer.EmployeeManager.GetByEmail |Fetched record with matching email id
7 |2025-06-09 10:23:51.4633 |DEBUG |Service Layer |SeviceLayer.EmployeeManager.Update |updated employee from service layer
7 |2025-06-09 10:23:51.5574 |DEBUG |LearningPhase2 |LearningPhase2.Pages.EmployeeNTier.EducationModel.OnGetDelete |Update method successfully called
9 |2025-06-09 10:23:53.2918 |DEBUG |LearningPhase2 |LearningPhase2.Pages.EmployeeNTier.EducationModel.OnGet |Calling OnGetEducationDetails method
9 |2025-06-09 10:23:53.2918 |DEBUG |Data Layer |DataLayer.EmployeeDB.EducationDetails |Fetching education column data from DB
9 |2025-06-09 10:23:53.3004 |DEBUG |LearningPhase2 |LearningPhase2.Pages.EmployeeNTier.EducationModel.OnGet |Deserializing Json string  Data to Object type
9 |2025-06-09 10:23:53.3004 |DEBUG |LearningPhase2 |LearningPhase2.Pages.EmployeeNTier.EducationModel.OnGet |Completed OnGetEducationDetails method
5 |2025-06-09 10:23:59.7964 |DEBUG |Data Layer |DataLayer.EmployeeDB.EducationDetails |Fetching education column data from DB
5 |2025-06-09 10:23:59.8859 |DEBUG |LearningPhase2 |LearningPhase2.Pages.EmployeeNTier.EducationModel.OnGetDelete |Calling Update method on AddEducationDetails Page
5 |2025-06-09 10:23:59.8859 |DEBUG |Service Layer |SeviceLayer.EmployeeManager.Update |updating employee from service layer
5 |2025-06-09 10:23:59.8859 |DEBUG |Service Layer |SeviceLayer.EmployeeManager.GetByEmail |Fetching record with matching email id
5 |2025-06-09 10:23:59.9717 |DEBUG |Service Layer |SeviceLayer.EmployeeManager.GetByEmail |Fetched record with matching email id
5 |2025-06-09 10:23:59.9717 |DEBUG |Service Layer |SeviceLayer.EmployeeManager.Update |updated employee from service layer
5 |2025-06-09 10:24:00.0642 |DEBUG |LearningPhase2 |LearningPhase2.Pages.EmployeeNTier.EducationModel.OnGetDelete |Update method successfully called
16 |2025-06-09 10:24:00.6775 |DEBUG |LearningPhase2 |LearningPhase2.Pages.EmployeeNTier.EducationModel.OnGet |Calling OnGetEducationDetails method
16 |2025-06-09 10:24:00.6775 |DEBUG |Data Layer |DataLayer.EmployeeDB.EducationDetails |Fetching education column data from DB
16 |2025-06-09 10:24:00.6775 |DEBUG |LearningPhase2 |LearningPhase2.Pages.EmployeeNTier.EducationModel.OnGet |Deserializing Json string  Data to Object type
16 |2025-06-09 10:24:00.6775 |DEBUG |LearningPhase2 |LearningPhase2.Pages.EmployeeNTier.EducationModel.OnGet |Completed OnGetEducationDetails method
5 |2025-06-09 10:24:10.9723 |DEBUG |Data Layer |DataLayer.EmployeeDB.EducationDetails |Fetching education column data from DB
5 |2025-06-09 10:24:11.0649 |DEBUG |LearningPhase2 |LearningPhase2.Pages.EmployeeNTier.EducationModel.OnGetDelete |Calling Update method on AddEducationDetails Page
5 |2025-06-09 10:24:11.0649 |DEBUG |Service Layer |SeviceLayer.EmployeeManager.Update |updating employee from service layer
5 |2025-06-09 10:24:11.0649 |DEBUG |Service Layer |SeviceLayer.EmployeeManager.GetByEmail |Fetching record with matching email id
5 |2025-06-09 10:24:11.1659 |DEBUG |Service Layer |SeviceLayer.EmployeeManager.GetByEmail |Fetched record with matching email id
5 |2025-06-09 10:24:11.1659 |DEBUG |Service Layer |SeviceLayer.EmployeeManager.Update |updated employee from service layer
5 |2025-06-09 10:24:11.2662 |DEBUG |LearningPhase2 |LearningPhase2.Pages.EmployeeNTier.EducationModel.OnGetDelete |Update method successfully called
16 |2025-06-09 10:24:11.6677 |DEBUG |LearningPhase2 |LearningPhase2.Pages.EmployeeNTier.EducationModel.OnGet |Calling OnGetEducationDetails method
16 |2025-06-09 10:24:11.6677 |DEBUG |Data Layer |DataLayer.EmployeeDB.EducationDetails |Fetching education column data from DB
16 |2025-06-09 10:24:11.6754 |DEBUG |LearningPhase2 |LearningPhase2.Pages.EmployeeNTier.EducationModel.OnGet |Deserializing Json string  Data to Object type
16 |2025-06-09 10:24:11.6754 |DEBUG |LearningPhase2 |LearningPhase2.Pages.EmployeeNTier.EducationModel.OnGet |Completed OnGetEducationDetails method
5 |2025-06-09 10:24:21.3928 |DEBUG |Data Layer |DataLayer.EmployeeDB.EducationDetails |Fetching education column data from DB
5 |2025-06-09 10:24:21.4811 |DEBUG |LearningPhase2 |LearningPhase2.Pages.EmployeeNTier.EducationModel.OnGetDelete |Calling Update method on AddEducationDetails Page
5 |2025-06-09 10:24:21.4811 |DEBUG |Service Layer |SeviceLayer.EmployeeManager.Update |updating employee from service layer
5 |2025-06-09 10:24:21.4811 |DEBUG |Service Layer |SeviceLayer.EmployeeManager.GetByEmail |Fetching record with matching email id
5 |2025-06-09 10:24:21.5604 |DEBUG |Service Layer |SeviceLayer.EmployeeManager.GetByEmail |Fetched record with matching email id
5 |2025-06-09 10:24:21.5604 |DEBUG |Service Layer |SeviceLayer.EmployeeManager.Update |updated employee from service layer
5 |2025-06-09 10:24:21.6682 |DEBUG |LearningPhase2 |LearningPhase2.Pages.EmployeeNTier.EducationModel.OnGetDelete |Update method successfully called
10 |2025-06-09 10:24:22.4842 |DEBUG |LearningPhase2 |LearningPhase2.Pages.EmployeeNTier.EducationModel.OnGet |Calling OnGetEducationDetails method
10 |2025-06-09 10:24:22.4842 |DEBUG |Data Layer |DataLayer.EmployeeDB.EducationDetails |Fetching education column data from DB
10 |2025-06-09 10:24:22.4901 |DEBUG |LearningPhase2 |LearningPhase2.Pages.EmployeeNTier.EducationModel.OnGet |Deserializing Json string  Data to Object type
10 |2025-06-09 10:24:22.4901 |DEBUG |LearningPhase2 |LearningPhase2.Pages.EmployeeNTier.EducationModel.OnGet |Completed OnGetEducationDetails method
